INFO - 2023-01-27 08:30:14 - __main__ - <module> -: Start Process
INFO - 2023-01-27 08:30:14 - __main__ - main -: Get Monthly  Data
INFO - 2023-01-27 08:30:19 - __main__ - main -: Get Weekly  Data
INFO - 2023-01-27 08:30:27 - __main__ - main -: Get Courses Data
INFO - 2023-01-27 08:31:04 - __main__ - <module> -: Start Process
INFO - 2023-01-27 08:31:04 - __main__ - main -: Get Monthly  Data
INFO - 2023-01-27 08:31:07 - __main__ - main -: Get Weekly  Data
INFO - 2023-01-27 08:31:15 - __main__ - main -: Get Courses Data
INFO - 2023-01-27 08:32:49 - __main__ - <module> -: Start Process
INFO - 2023-01-27 08:32:49 - __main__ - main -: Get Monthly  Data
INFO - 2023-01-27 08:32:55 - __main__ - main -: Get Weekly  Data
INFO - 2023-01-27 08:33:03 - __main__ - main -: Get Courses Data
INFO - 2023-01-27 08:33:04 - __main__ - main -: Compose Stats Data
INFO - 2023-01-27 08:33:04 - __main__ - main -: Get Ready Stats Analitys Table
INFO - 2023-01-27 08:33:05 - __main__ - main -: Insert Data
INFO - 2023-01-27 08:33:17 - __main__ - <module> -: Process Finished Successfully
INFO - 2023-02-06 21:57:14 - __main__ - <module> -: Start Process
INFO - 2023-02-06 21:57:14 - __main__ - main -: Get Categories  Data
INFO - 2023-02-06 21:57:16 - __main__ - main -: Get Courses Data
INFO - 2023-02-06 21:57:19 - __main__ - main -: Compose Courses Data
INFO - 2023-02-06 21:57:19 - __main__ - main -: Get Ready Courses Analitys Table
INFO - 2023-02-06 21:57:21 - __main__ - main -: Insert Data
INFO - 2023-02-06 21:57:25 - __main__ - <module> -: Process Finished Successfully
INFO - 2023-02-06 22:02:36 - __main__ - <module> -: Start Process
INFO - 2023-02-06 22:02:36 - __main__ - main -: Get Categories  Data
INFO - 2023-02-06 22:02:38 - __main__ - main -: Get Courses Data
INFO - 2023-02-06 22:02:39 - __main__ - get_courses -: 10
INFO - 2023-02-06 22:02:40 - __main__ - main -: Compose Courses Data
INFO - 2023-02-06 22:02:40 - __main__ - main -: Get Ready Courses Analitys Table
INFO - 2023-02-06 22:02:41 - __main__ - main -: Insert Data
INFO - 2023-02-06 22:02:46 - __main__ - <module> -: Process Finished Successfully
INFO - 2023-02-06 22:07:41 - __main__ - <module> -: Start Process
INFO - 2023-02-06 22:07:41 - __main__ - main -: Get Categories  Data
INFO - 2023-02-06 22:07:43 - __main__ - main -: Get Courses Data
INFO - 2023-02-06 22:07:44 - __main__ - get_courses -: 34
INFO - 2023-02-06 22:07:45 - __main__ - main -: Compose Courses Data
INFO - 2023-02-06 22:07:45 - __main__ - main -: Get Ready Courses Analitys Table
INFO - 2023-02-06 22:07:47 - __main__ - main -: Insert Data
INFO - 2023-02-06 22:07:51 - __main__ - <module> -: Process Finished Successfully
INFO - 2023-02-06 22:11:13 - __main__ - <module> -: Start Process
INFO - 2023-02-06 22:11:13 - __main__ - main -: Get Categories  Data
INFO - 2023-02-06 22:11:15 - __main__ - main -: Get Courses Data
INFO - 2023-02-06 22:11:23 - __main__ - <module> -: Start Process
INFO - 2023-02-06 22:11:23 - __main__ - main -: Get Categories  Data
INFO - 2023-02-06 22:11:24 - __main__ - main -: Get Courses Data
INFO - 2023-02-06 22:12:52 - __main__ - <module> -: Start Process
INFO - 2023-02-06 22:12:52 - __main__ - main -: Get Categories  Data
INFO - 2023-02-06 22:12:54 - __main__ - main -: Get Courses Data
INFO - 2023-02-06 22:13:01 - __main__ - <module> -: Start Process
INFO - 2023-02-06 22:13:01 - __main__ - main -: Get Categories  Data
INFO - 2023-02-06 22:13:03 - __main__ - main -: Get Courses Data
INFO - 2023-02-06 22:13:04 - __main__ - get_courses -: 34
INFO - 2023-02-06 22:13:05 - __main__ - main -: Compose Courses Data
INFO - 2023-02-06 22:13:05 - __main__ - main -: Get Ready Courses Analitys Table
INFO - 2023-02-06 22:13:06 - __main__ - main -: Insert Data
INFO - 2023-02-06 22:13:11 - __main__ - <module> -: Process Finished Successfully
INFO - 2023-02-06 22:14:33 - __main__ - <module> -: Start Process
INFO - 2023-02-06 22:14:33 - __main__ - main -: Get Categories  Data
INFO - 2023-02-06 22:14:35 - __main__ - main -: Get Courses Data
INFO - 2023-02-06 22:14:36 - __main__ - get_courses -: 34
INFO - 2023-02-06 22:14:37 - __main__ - main -: Compose Courses Data
INFO - 2023-02-06 22:14:37 - __main__ - main -: Get Ready Courses Analitys Table
INFO - 2023-02-06 22:14:39 - __main__ - main -: Insert Data
INFO - 2023-02-06 22:14:43 - __main__ - <module> -: Process Finished Successfully
